<?xml version="1.0" encoding="UTF-8" ?>
<testsuite tests="1" failures="0" name="edu.co.sena.instrumusic.modelo.jpa.dao.implementacion.CategoriaDAOImplTest" time="6.653" errors="1" skipped="0">
  <properties>
[...]
</properties>
  <testcase classname="edu.co.sena.instrumusic.modelo.jpa.dao.implementacion.CategoriaDAOImplTest" name="testInsert" time="6.005">
    <error type="java.lang.NullPointerException">java.lang.NullPointerException
	at edu.co.sena.instrumusic.modelo.jpa.dao.implementacion.CategoriaDAOImplTest.testInsert(CategoriaDAOImplTest.java:60)
	at sun.reflect.NativeMethodAccessorImpl.invoke0(Native Method)
	at sun.reflect.NativeMethodAccessorImpl.invoke(NativeMethodAccessorImpl.java:62)
	at sun.reflect.DelegatingMethodAccessorImpl.invoke(DelegatingMethodAccessorImpl.java:43)
	at java.lang.reflect.Method.invoke(Method.java:483)
	at org.junit.runners.model.FrameworkMethod$1.runReflectiveCall(FrameworkMethod.java:50)
	at org.junit.internal.runners.model.ReflectiveCallable.run(ReflectiveCallable.java:12)
	at org.junit.runners.model.FrameworkMethod.invokeExplosively(FrameworkMethod.java:47)
	at org.junit.internal.runners.statements.InvokeMethod.evaluate(InvokeMethod.java:17)
	at org.junit.internal.runners.statements.RunBefores.evaluate(RunBefores.java:26)
	at org.junit.internal.runners.statements.RunAfters.evaluate(RunAfters.java:27)
	at org.junit.runners.ParentRunner.runLeaf(ParentRunner.java:325)
	at org.junit.runners.BlockJUnit4ClassRunner.runChild(BlockJUnit4ClassRunner.java:78)
	at org.junit.runners.BlockJUnit4ClassRunner.runChild(BlockJUnit4ClassRunner.java:57)
	at org.junit.runners.ParentRunner$3.run(ParentRunner.java:290)
	at org.junit.runners.ParentRunner$1.schedule(ParentRunner.java:71)
	at org.junit.runners.ParentRunner.runChildren(ParentRunner.java:288)
	at org.junit.runners.ParentRunner.access$000(ParentRunner.java:58)
	at org.junit.runners.ParentRunner$2.evaluate(ParentRunner.java:268)
	at org.junit.internal.runners.statements.RunBefores.evaluate(RunBefores.java:26)
	at org.junit.internal.runners.statements.RunAfters.evaluate(RunAfters.java:27)
	at org.junit.runners.ParentRunner.run(ParentRunner.java:363)
	at org.apache.maven.surefire.junit4.JUnit4TestSet.execute(JUnit4TestSet.java:45)
	at org.apache.maven.surefire.junit4.JUnit4Provider.executeTestSet(JUnit4Provider.java:123)
	at org.apache.maven.surefire.junit4.JUnit4Provider.invoke(JUnit4Provider.java:104)
	at sun.reflect.NativeMethodAccessorImpl.invoke0(Native Method)
	at sun.reflect.NativeMethodAccessorImpl.invoke(NativeMethodAccessorImpl.java:62)
	at sun.reflect.DelegatingMethodAccessorImpl.invoke(DelegatingMethodAccessorImpl.java:43)
	at java.lang.reflect.Method.invoke(Method.java:483)
	at org.apache.maven.surefire.util.ReflectionUtils.invokeMethodWithArray(ReflectionUtils.java:164)
	at org.apache.maven.surefire.booter.ProviderFactory$ProviderProxy.invoke(ProviderFactory.java:110)
	at org.apache.maven.surefire.booter.SurefireStarter.invokeProvider(SurefireStarter.java:175)
	at org.apache.maven.surefire.booter.SurefireStarter.runSuitesInProcessWhenForked(SurefireStarter.java:107)
	at org.apache.maven.surefire.booter.ForkedBooter.main(ForkedBooter.java:68)
</error>
    <system-out>insert
[EL Config]: metadata: 2015-04-26 16:12:12.376--ServerSession(19330994)--Thread(Thread[main,5,main])--The access type for the persistent class [class edu.co.sena.instrumusic.modelo.jpa.entities.Municipio] is set to [FIELD].
[EL Config]: metadata: 2015-04-26 16:12:12.734--ServerSession(19330994)--Thread(Thread[main,5,main])--The target entity (reference) class for the one to many mapping element [field domicilioProveedorList] is being defaulted to: class edu.co.sena.instrumusic.modelo.jpa.entities.DomicilioProveedor.
[EL Config]: metadata: 2015-04-26 16:12:12.738--ServerSession(19330994)--Thread(Thread[main,5,main])--The target entity (reference) class for the one to many mapping element [field domicilioCuentaList] is being defaulted to: class edu.co.sena.instrumusic.modelo.jpa.entities.DomicilioCuenta.
[EL Config]: metadata: 2015-04-26 16:12:12.767--ServerSession(19330994)--Thread(Thread[main,5,main])--The target entity (reference) class for the many to one mapping element [field departamentoidDepartamento] is being defaulted to: class edu.co.sena.instrumusic.modelo.jpa.entities.Departamento.
[EL Config]: metadata: 2015-04-26 16:12:12.768--ServerSession(19330994)--Thread(Thread[main,5,main])--The access type for the persistent class [class edu.co.sena.instrumusic.modelo.jpa.entities.Producto] is set to [FIELD].
[EL Config]: metadata: 2015-04-26 16:12:12.769--ServerSession(19330994)--Thread(Thread[main,5,main])--The target entity (reference) class for the many to one mapping element [field categoriaidCategoria] is being defaulted to: class edu.co.sena.instrumusic.modelo.jpa.entities.Categoria.
[EL Config]: metadata: 2015-04-26 16:12:12.77--ServerSession(19330994)--Thread(Thread[main,5,main])--The target entity (reference) class for the one to many mapping element [field itemCarritoList] is being defaulted to: class edu.co.sena.instrumusic.modelo.jpa.entities.ItemCarrito.
[EL Config]: metadata: 2015-04-26 16:12:12.772--ServerSession(19330994)--Thread(Thread[main,5,main])--The target entity (reference) class for the one to many mapping element [field inventarioList] is being defaulted to: class edu.co.sena.instrumusic.modelo.jpa.entities.Inventario.
[EL Config]: metadata: 2015-04-26 16:12:12.773--ServerSession(19330994)--Thread(Thread[main,5,main])--The target entity (reference) class for the one to many mapping element [field itemList] is being defaulted to: class edu.co.sena.instrumusic.modelo.jpa.entities.Item.
[EL Config]: metadata: 2015-04-26 16:12:12.774--ServerSession(19330994)--Thread(Thread[main,5,main])--The access type for the persistent class [class edu.co.sena.instrumusic.modelo.jpa.entities.Categoria] is set to [FIELD].
[EL Config]: metadata: 2015-04-26 16:12:12.774--ServerSession(19330994)--Thread(Thread[main,5,main])--The target entity (reference) class for the one to many mapping element [field productoList] is being defaulted to: class edu.co.sena.instrumusic.modelo.jpa.entities.Producto.
[EL Config]: metadata: 2015-04-26 16:12:12.775--ServerSession(19330994)--Thread(Thread[main,5,main])--The target entity (reference) class for the many to one mapping element [field categoriaidCategoria] is being defaulted to: class edu.co.sena.instrumusic.modelo.jpa.entities.Categoria.
[EL Config]: metadata: 2015-04-26 16:12:12.78--ServerSession(19330994)--Thread(Thread[main,5,main])--The target entity (reference) class for the one to many mapping element [field categoriaList] is being defaulted to: class edu.co.sena.instrumusic.modelo.jpa.entities.Categoria.
[EL Config]: metadata: 2015-04-26 16:12:12.78--ServerSession(19330994)--Thread(Thread[main,5,main])--The access type for the persistent class [class edu.co.sena.instrumusic.modelo.jpa.entities.Usuario] is set to [FIELD].
[EL Config]: metadata: 2015-04-26 16:12:12.785--ServerSession(19330994)--Thread(Thread[main,5,main])--The target entity (reference) class for the one to many mapping element [field cuentaList] is being defaulted to: class edu.co.sena.instrumusic.modelo.jpa.entities.Cuenta.
[EL Config]: metadata: 2015-04-26 16:12:12.785--ServerSession(19330994)--Thread(Thread[main,5,main])--The access type for the persistent class [class edu.co.sena.instrumusic.modelo.jpa.entities.Item] is set to [FIELD].
[EL Config]: metadata: 2015-04-26 16:12:12.821--ServerSession(19330994)--Thread(Thread[main,5,main])--The target entity (reference) class for the many to one mapping element [field pedido] is being defaulted to: class edu.co.sena.instrumusic.modelo.jpa.entities.Pedido.
[EL Config]: metadata: 2015-04-26 16:12:12.822--ServerSession(19330994)--Thread(Thread[main,5,main])--The target entity (reference) class for the many to one mapping element [field producto] is being defaulted to: class edu.co.sena.instrumusic.modelo.jpa.entities.Producto.
[EL Config]: metadata: 2015-04-26 16:12:12.822--ServerSession(19330994)--Thread(Thread[main,5,main])--The access type for the persistent class [class edu.co.sena.instrumusic.modelo.jpa.entities.Pago] is set to [FIELD].
[EL Config]: metadata: 2015-04-26 16:12:12.823--ServerSession(19330994)--Thread(Thread[main,5,main])--The target entity (reference) class for the one to one mapping element [field factura] is being defaulted to: class edu.co.sena.instrumusic.modelo.jpa.entities.Factura.
[EL Config]: metadata: 2015-04-26 16:12:12.825--ServerSession(19330994)--Thread(Thread[main,5,main])--The access type for the persistent class [class edu.co.sena.instrumusic.modelo.jpa.entities.TipoDocumento] is set to [FIELD].
[EL Config]: metadata: 2015-04-26 16:12:12.826--ServerSession(19330994)--Thread(Thread[main,5,main])--The target entity (reference) class for the one to many mapping element [field proveedorList] is being defaulted to: class edu.co.sena.instrumusic.modelo.jpa.entities.Proveedor.
[EL Config]: metadata: 2015-04-26 16:12:12.827--ServerSession(19330994)--Thread(Thread[main,5,main])--The target entity (reference) class for the one to many mapping element [field cuentaList] is being defaulted to: class edu.co.sena.instrumusic.modelo.jpa.entities.Cuenta.
[EL Config]: metadata: 2015-04-26 16:12:12.827--ServerSession(19330994)--Thread(Thread[main,5,main])--The access type for the persistent class [class edu.co.sena.instrumusic.modelo.jpa.entities.Factura] is set to [FIELD].
[EL Config]: metadata: 2015-04-26 16:12:12.83--ServerSession(19330994)--Thread(Thread[main,5,main])--The target entity (reference) class for the many to one mapping element [field cuenta] is being defaulted to: class edu.co.sena.instrumusic.modelo.jpa.entities.Cuenta.
[EL Config]: metadata: 2015-04-26 16:12:12.831--ServerSession(19330994)--Thread(Thread[main,5,main])--The target entity (reference) class for the one to one mapping element [field pedido] is being defaulted to: class edu.co.sena.instrumusic.modelo.jpa.entities.Pedido.
[EL Config]: metadata: 2015-04-26 16:12:12.831--ServerSession(19330994)--Thread(Thread[main,5,main])--The target entity (reference) class for the one to one mapping element [field pago] is being defaulted to: class edu.co.sena.instrumusic.modelo.jpa.entities.Pago.
[EL Config]: metadata: 2015-04-26 16:12:12.832--ServerSession(19330994)--Thread(Thread[main,5,main])--The access type for the persistent class [class edu.co.sena.instrumusic.modelo.jpa.entities.CarritoDeCompras] is set to [FIELD].
[EL Config]: metadata: 2015-04-26 16:12:12.832--ServerSession(19330994)--Thread(Thread[main,5,main])--The target entity (reference) class for the one to many mapping element [field itemCarritoList] is being defaulted to: class edu.co.sena.instrumusic.modelo.jpa.entities.ItemCarrito.
[EL Config]: metadata: 2015-04-26 16:12:12.833--ServerSession(19330994)--Thread(Thread[main,5,main])--The access type for the persistent class [class edu.co.sena.instrumusic.modelo.jpa.entities.Pedido] is set to [FIELD].
[EL Config]: metadata: 2015-04-26 16:12:12.834--ServerSession(19330994)--Thread(Thread[main,5,main])--The target entity (reference) class for the one to one mapping element [field factura] is being defaulted to: class edu.co.sena.instrumusic.modelo.jpa.entities.Factura.
[EL Config]: metadata: 2015-04-26 16:12:12.835--ServerSession(19330994)--Thread(Thread[main,5,main])--The target entity (reference) class for the one to many mapping element [field itemList] is being defaulted to: class edu.co.sena.instrumusic.modelo.jpa.entities.Item.
[EL Config]: metadata: 2015-04-26 16:12:12.838--ServerSession(19330994)--Thread(Thread[main,5,main])--The access type for the persistent class [class edu.co.sena.instrumusic.modelo.jpa.entities.Departamento] is set to [FIELD].
[EL Config]: metadata: 2015-04-26 16:12:12.838--ServerSession(19330994)--Thread(Thread[main,5,main])--The target entity (reference) class for the one to many mapping element [field municipioList] is being defaulted to: class edu.co.sena.instrumusic.modelo.jpa.entities.Municipio.
[EL Config]: metadata: 2015-04-26 16:12:12.839--ServerSession(19330994)--Thread(Thread[main,5,main])--The access type for the persistent class [class edu.co.sena.instrumusic.modelo.jpa.entities.DomicilioCuenta] is set to [FIELD].
[EL Config]: metadata: 2015-04-26 16:12:12.839--ServerSession(19330994)--Thread(Thread[main,5,main])--The target entity (reference) class for the many to one mapping element [field municipioidMunicipio] is being defaulted to: class edu.co.sena.instrumusic.modelo.jpa.entities.Municipio.
[EL Config]: metadata: 2015-04-26 16:12:12.84--ServerSession(19330994)--Thread(Thread[main,5,main])--The target entity (reference) class for the one to one mapping element [field cuenta] is being defaulted to: class edu.co.sena.instrumusic.modelo.jpa.entities.Cuenta.
[EL Config]: metadata: 2015-04-26 16:12:12.856--ServerSession(19330994)--Thread(Thread[main,5,main])--The access type for the persistent class [class edu.co.sena.instrumusic.modelo.jpa.entities.Proveedor] is set to [FIELD].
[EL Config]: metadata: 2015-04-26 16:12:12.857--ServerSession(19330994)--Thread(Thread[main,5,main])--The target entity (reference) class for the many to one mapping element [field tipoDocumento] is being defaulted to: class edu.co.sena.instrumusic.modelo.jpa.entities.TipoDocumento.
[EL Config]: metadata: 2015-04-26 16:12:12.872--ServerSession(19330994)--Thread(Thread[main,5,main])--The target entity (reference) class for the one to one mapping element [field domicilioProveedor] is being defaulted to: class edu.co.sena.instrumusic.modelo.jpa.entities.DomicilioProveedor.
[EL Config]: metadata: 2015-04-26 16:12:12.872--ServerSession(19330994)--Thread(Thread[main,5,main])--The target entity (reference) class for the one to many mapping element [field inventarioList] is being defaulted to: class edu.co.sena.instrumusic.modelo.jpa.entities.Inventario.
[EL Config]: metadata: 2015-04-26 16:12:12.872--ServerSession(19330994)--Thread(Thread[main,5,main])--The access type for the persistent class [class edu.co.sena.instrumusic.modelo.jpa.entities.Cuenta] is set to [FIELD].
[EL Config]: metadata: 2015-04-26 16:12:12.872--ServerSession(19330994)--Thread(Thread[main,5,main])--The target entity (reference) class for the many to one mapping element [field tipoDocumento] is being defaulted to: class edu.co.sena.instrumusic.modelo.jpa.entities.TipoDocumento.
[EL Config]: metadata: 2015-04-26 16:12:12.873--ServerSession(19330994)--Thread(Thread[main,5,main])--The target entity (reference) class for the one to one mapping element [field domicilioCuenta] is being defaulted to: class edu.co.sena.instrumusic.modelo.jpa.entities.DomicilioCuenta.
[EL Config]: metadata: 2015-04-26 16:12:12.873--ServerSession(19330994)--Thread(Thread[main,5,main])--The target entity (reference) class for the many to one mapping element [field usuarioidUsuario] is being defaulted to: class edu.co.sena.instrumusic.modelo.jpa.entities.Usuario.
[EL Config]: metadata: 2015-04-26 16:12:12.891--ServerSession(19330994)--Thread(Thread[main,5,main])--The target entity (reference) class for the one to many mapping element [field facturaList] is being defaulted to: class edu.co.sena.instrumusic.modelo.jpa.entities.Factura.
[EL Config]: metadata: 2015-04-26 16:12:12.892--ServerSession(19330994)--Thread(Thread[main,5,main])--The access type for the persistent class [class edu.co.sena.instrumusic.modelo.jpa.entities.DomicilioProveedor] is set to [FIELD].
[EL Config]: metadata: 2015-04-26 16:12:12.898--ServerSession(19330994)--Thread(Thread[main,5,main])--The target entity (reference) class for the many to one mapping element [field municipioidMunicipio] is being defaulted to: class edu.co.sena.instrumusic.modelo.jpa.entities.Municipio.
[EL Config]: metadata: 2015-04-26 16:12:12.899--ServerSession(19330994)--Thread(Thread[main,5,main])--The target entity (reference) class for the one to one mapping element [field proveedor] is being defaulted to: class edu.co.sena.instrumusic.modelo.jpa.entities.Proveedor.
[EL Config]: metadata: 2015-04-26 16:12:12.899--ServerSession(19330994)--Thread(Thread[main,5,main])--The access type for the persistent class [class edu.co.sena.instrumusic.modelo.jpa.entities.Inventario] is set to [FIELD].
[EL Config]: metadata: 2015-04-26 16:12:12.919--ServerSession(19330994)--Thread(Thread[main,5,main])--The target entity (reference) class for the many to one mapping element [field proveedor] is being defaulted to: class edu.co.sena.instrumusic.modelo.jpa.entities.Proveedor.
[EL Config]: metadata: 2015-04-26 16:12:12.92--ServerSession(19330994)--Thread(Thread[main,5,main])--The target entity (reference) class for the many to one mapping element [field producto] is being defaulted to: class edu.co.sena.instrumusic.modelo.jpa.entities.Producto.
[EL Config]: metadata: 2015-04-26 16:12:12.92--ServerSession(19330994)--Thread(Thread[main,5,main])--The access type for the persistent class [class edu.co.sena.instrumusic.modelo.jpa.entities.ItemCarrito] is set to [FIELD].
[EL Config]: metadata: 2015-04-26 16:12:12.929--ServerSession(19330994)--Thread(Thread[main,5,main])--The target entity (reference) class for the many to one mapping element [field producto] is being defaulted to: class edu.co.sena.instrumusic.modelo.jpa.entities.Producto.
[EL Config]: metadata: 2015-04-26 16:12:12.93--ServerSession(19330994)--Thread(Thread[main,5,main])--The target entity (reference) class for the many to one mapping element [field carritoDeCompras] is being defaulted to: class edu.co.sena.instrumusic.modelo.jpa.entities.CarritoDeCompras.
[EL Config]: metadata: 2015-04-26 16:12:12.93--ServerSession(19330994)--Thread(Thread[main,5,main])--The access type for the persistent class [class edu.co.sena.instrumusic.modelo.jpa.entities.ItemCarritoPK] is set to [FIELD].
[EL Config]: metadata: 2015-04-26 16:12:12.932--ServerSession(19330994)--Thread(Thread[main,5,main])--The access type for the persistent class [class edu.co.sena.instrumusic.modelo.jpa.entities.ProveedorPK] is set to [FIELD].
[EL Config]: metadata: 2015-04-26 16:12:12.932--ServerSession(19330994)--Thread(Thread[main,5,main])--The access type for the persistent class [class edu.co.sena.instrumusic.modelo.jpa.entities.CuentaPK] is set to [FIELD].
[EL Config]: metadata: 2015-04-26 16:12:12.932--ServerSession(19330994)--Thread(Thread[main,5,main])--The access type for the persistent class [class edu.co.sena.instrumusic.modelo.jpa.entities.ItemPK] is set to [FIELD].
[EL Config]: metadata: 2015-04-26 16:12:12.933--ServerSession(19330994)--Thread(Thread[main,5,main])--The access type for the persistent class [class edu.co.sena.instrumusic.modelo.jpa.entities.DomicilioProveedorPK] is set to [FIELD].
[EL Config]: metadata: 2015-04-26 16:12:12.933--ServerSession(19330994)--Thread(Thread[main,5,main])--The access type for the persistent class [class edu.co.sena.instrumusic.modelo.jpa.entities.DomicilioCuentaPK] is set to [FIELD].
[EL Config]: metadata: 2015-04-26 16:12:12.933--ServerSession(19330994)--Thread(Thread[main,5,main])--The access type for the persistent class [class edu.co.sena.instrumusic.modelo.jpa.entities.InventarioPK] is set to [FIELD].
[EL Config]: metadata: 2015-04-26 16:12:12.933--ServerSession(19330994)--Thread(Thread[main,5,main])--The alias name for the entity class [class edu.co.sena.instrumusic.modelo.jpa.entities.Municipio] is being defaulted to: Municipio.
[EL Config]: metadata: 2015-04-26 16:12:13.077--ServerSession(19330994)--Thread(Thread[main,5,main])--The alias name for the entity class [class edu.co.sena.instrumusic.modelo.jpa.entities.Producto] is being defaulted to: Producto.
[EL Config]: metadata: 2015-04-26 16:12:13.145--ServerSession(19330994)--Thread(Thread[main,5,main])--The alias name for the entity class [class edu.co.sena.instrumusic.modelo.jpa.entities.Categoria] is being defaulted to: Categoria.
[EL Config]: metadata: 2015-04-26 16:12:13.148--ServerSession(19330994)--Thread(Thread[main,5,main])--The alias name for the entity class [class edu.co.sena.instrumusic.modelo.jpa.entities.Usuario] is being defaulted to: Usuario.
[EL Config]: metadata: 2015-04-26 16:12:13.15--ServerSession(19330994)--Thread(Thread[main,5,main])--The alias name for the entity class [class edu.co.sena.instrumusic.modelo.jpa.entities.Item] is being defaulted to: Item.
[EL Config]: metadata: 2015-04-26 16:12:13.165--ServerSession(19330994)--Thread(Thread[main,5,main])--The alias name for the entity class [class edu.co.sena.instrumusic.modelo.jpa.entities.Pago] is being defaulted to: Pago.
[EL Config]: metadata: 2015-04-26 16:12:13.166--ServerSession(19330994)--Thread(Thread[main,5,main])--The alias name for the entity class [class edu.co.sena.instrumusic.modelo.jpa.entities.TipoDocumento] is being defaulted to: TipoDocumento.
[EL Config]: metadata: 2015-04-26 16:12:13.166--ServerSession(19330994)--Thread(Thread[main,5,main])--The alias name for the entity class [class edu.co.sena.instrumusic.modelo.jpa.entities.Factura] is being defaulted to: Factura.
[EL Config]: metadata: 2015-04-26 16:12:13.167--ServerSession(19330994)--Thread(Thread[main,5,main])--The alias name for the entity class [class edu.co.sena.instrumusic.modelo.jpa.entities.CarritoDeCompras] is being defaulted to: CarritoDeCompras.
[EL Config]: metadata: 2015-04-26 16:12:13.167--ServerSession(19330994)--Thread(Thread[main,5,main])--The alias name for the entity class [class edu.co.sena.instrumusic.modelo.jpa.entities.Pedido] is being defaulted to: Pedido.
[EL Config]: metadata: 2015-04-26 16:12:13.167--ServerSession(19330994)--Thread(Thread[main,5,main])--The alias name for the entity class [class edu.co.sena.instrumusic.modelo.jpa.entities.Departamento] is being defaulted to: Departamento.
[EL Config]: metadata: 2015-04-26 16:12:13.168--ServerSession(19330994)--Thread(Thread[main,5,main])--The alias name for the entity class [class edu.co.sena.instrumusic.modelo.jpa.entities.DomicilioCuenta] is being defaulted to: DomicilioCuenta.
[EL Config]: metadata: 2015-04-26 16:12:13.169--ServerSession(19330994)--Thread(Thread[main,5,main])--The alias name for the entity class [class edu.co.sena.instrumusic.modelo.jpa.entities.Proveedor] is being defaulted to: Proveedor.
[EL Config]: metadata: 2015-04-26 16:12:13.171--ServerSession(19330994)--Thread(Thread[main,5,main])--The alias name for the entity class [class edu.co.sena.instrumusic.modelo.jpa.entities.Cuenta] is being defaulted to: Cuenta.
[EL Config]: metadata: 2015-04-26 16:12:13.172--ServerSession(19330994)--Thread(Thread[main,5,main])--The alias name for the entity class [class edu.co.sena.instrumusic.modelo.jpa.entities.DomicilioProveedor] is being defaulted to: DomicilioProveedor.
[EL Config]: metadata: 2015-04-26 16:12:13.173--ServerSession(19330994)--Thread(Thread[main,5,main])--The alias name for the entity class [class edu.co.sena.instrumusic.modelo.jpa.entities.Inventario] is being defaulted to: Inventario.
[EL Config]: metadata: 2015-04-26 16:12:13.173--ServerSession(19330994)--Thread(Thread[main,5,main])--The alias name for the entity class [class edu.co.sena.instrumusic.modelo.jpa.entities.ItemCarrito] is being defaulted to: ItemCarrito.
[EL Info]: 2015-04-26 16:12:15.125--ServerSession(19330994)--Thread(Thread[main,5,main])--EclipseLink, version: Eclipse Persistence Services - 2.5.2.v20140319-9ad6abd
[EL Fine]: connection: 2015-04-26 16:12:15.715--Thread(Thread[main,5,main])--Detected database platform: org.eclipse.persistence.platform.database.MySQLPlatform
[EL Config]: connection: 2015-04-26 16:12:15.745--ServerSession(19330994)--Connection(17491372)--Thread(Thread[main,5,main])--connecting(DatabaseLogin(
	platform=&gt;MySQLPlatform
	user name=&gt; &quot;root&quot;
	datasource URL=&gt; &quot;jdbc:mysql://localhost:3306/instrumusic?zeroDateTimeBehavior=convertToNull&quot;
))
[EL Config]: connection: 2015-04-26 16:12:15.79--ServerSession(19330994)--Connection(31981165)--Thread(Thread[main,5,main])--Connected: jdbc:mysql://localhost:3306/instrumusic?zeroDateTimeBehavior=convertToNull
	User: root@localhost
	Database: MySQL  Version: 5.6.19
	Driver: MySQL Connector Java  Version: mysql-connector-java-5.1.34 ( Revision: jess.balint@oracle.com-20141014163213-wqbwpf1ok2kvo1om )
[EL Info]: connection: 2015-04-26 16:12:16.123--ServerSession(19330994)--Thread(Thread[main,5,main])--file:/C:/Users/admin/Desktop/Instrumusic/Codigo/TiendaEnLineaJPAEclipseLink/target/classes/_edu.co.sena.InstruMusicPersistence login successful
[EL Fine]: sql: 2015-04-26 16:12:16.154--ServerSession(19330994)--Connection(31981165)--SELECT idCarritoDeCompras FROM carrito_de_compras WHERE idCarritoDeCompras &lt;&gt; idCarritoDeCompras
[EL Fine]: sql: 2015-04-26 16:12:16.177--ServerSession(19330994)--Connection(31981165)--SELECT idCategoria FROM categoria WHERE idCategoria &lt;&gt; idCategoria
[EL Fine]: sql: 2015-04-26 16:12:16.179--ServerSession(19330994)--Connection(31981165)--SELECT numeroDocumento FROM cuenta WHERE numeroDocumento &lt;&gt; numeroDocumento
[EL Fine]: sql: 2015-04-26 16:12:16.185--ServerSession(19330994)--Connection(31981165)--SELECT idDepartamento FROM departamento WHERE idDepartamento &lt;&gt; idDepartamento
[EL Fine]: sql: 2015-04-26 16:12:16.186--ServerSession(19330994)--Connection(31981165)--SELECT Cuenta_numeroDocumento FROM domicilio_cuenta WHERE Cuenta_numeroDocumento &lt;&gt; Cuenta_numeroDocumento
[EL Fine]: sql: 2015-04-26 16:12:16.187--ServerSession(19330994)--Connection(31981165)--SELECT Proveedor_Tipo_Documento_tipoDocumento FROM domicilio_proveedor WHERE Proveedor_Tipo_Documento_tipoDocumento &lt;&gt; Proveedor_Tipo_Documento_tipoDocumento
[EL Fine]: sql: 2015-04-26 16:12:16.188--ServerSession(19330994)--Connection(31981165)--SELECT idFactura FROM factura WHERE idFactura &lt;&gt; idFactura
[EL Fine]: sql: 2015-04-26 16:12:16.189--ServerSession(19330994)--Connection(31981165)--SELECT Producto_idProducto FROM inventario WHERE Producto_idProducto &lt;&gt; Producto_idProducto
[EL Fine]: sql: 2015-04-26 16:12:16.19--ServerSession(19330994)--Connection(31981165)--SELECT Pedido_Factura_idFactura FROM item WHERE Pedido_Factura_idFactura &lt;&gt; Pedido_Factura_idFactura
[EL Fine]: sql: 2015-04-26 16:12:16.191--ServerSession(19330994)--Connection(31981165)--SELECT Producto_idProducto FROM item_carrito WHERE Producto_idProducto &lt;&gt; Producto_idProducto
[EL Fine]: sql: 2015-04-26 16:12:16.193--ServerSession(19330994)--Connection(31981165)--SELECT idMunicipio FROM municipio WHERE idMunicipio &lt;&gt; idMunicipio
[EL Fine]: sql: 2015-04-26 16:12:16.194--ServerSession(19330994)--Connection(31981165)--SELECT Factura_idFactura FROM pago WHERE Factura_idFactura &lt;&gt; Factura_idFactura
[EL Fine]: sql: 2015-04-26 16:12:16.195--ServerSession(19330994)--Connection(31981165)--SELECT Factura_idFactura FROM pedido WHERE Factura_idFactura &lt;&gt; Factura_idFactura
[EL Fine]: sql: 2015-04-26 16:12:16.196--ServerSession(19330994)--Connection(31981165)--SELECT idProducto FROM producto WHERE idProducto &lt;&gt; idProducto
[EL Fine]: sql: 2015-04-26 16:12:16.198--ServerSession(19330994)--Connection(31981165)--SELECT numeroDocumento FROM proveedor WHERE numeroDocumento &lt;&gt; numeroDocumento
[EL Fine]: sql: 2015-04-26 16:12:16.199--ServerSession(19330994)--Connection(31981165)--SELECT tipoDocumento FROM tipo_documento WHERE tipoDocumento &lt;&gt; tipoDocumento
[EL Fine]: sql: 2015-04-26 16:12:16.2--ServerSession(19330994)--Connection(31981165)--SELECT idUsuario FROM usuario WHERE idUsuario &lt;&gt; idUsuario
[EL Fine]: sql: 2015-04-26 16:12:16.466--ServerSession(19330994)--Connection(31981165)--Thread(Thread[main,5,main])--SELECT idCategoria, activa, nombreCategoria, Categoria_idCategoria FROM categoria WHERE (idCategoria = ?)
	bind =&gt; [1]
</system-out>
  </testcase>
</testsuite>