<?xml version="1.0" encoding="UTF-8" ?>
<testsuite tests="1" failures="0" name="edu.co.sena.tiendaenlineajpaeclipselink.integracion.jpa.entities.FacturaTestJPA" time="14.63" errors="1" skipped="0">
  <properties>
[...]
</properties>
  <testcase classname="edu.co.sena.tiendaenlineajpaeclipselink.integracion.jpa.entities.FacturaTestJPA" name="buscarFacturaPorFecha" time="14.274">
    <error message="You have attempted to set a value of type class java.lang.String for parameter fecha with expected type of class java.util.Date from query string SELECT f FROM Factura f WHERE f.fecha = :fecha." type="java.lang.IllegalArgumentException">java.lang.IllegalArgumentException: You have attempted to set a value of type class java.lang.String for parameter fecha with expected type of class java.util.Date from query string SELECT f FROM Factura f WHERE f.fecha = :fecha.
	at org.eclipse.persistence.internal.jpa.QueryImpl.setParameterInternal(QueryImpl.java:933)
	at org.eclipse.persistence.internal.jpa.EJBQueryImpl.setParameter(EJBQueryImpl.java:593)
	at org.eclipse.persistence.internal.jpa.EJBQueryImpl.setParameter(EJBQueryImpl.java:1)
	at edu.co.sena.tiendaenlineajpaeclipselink.integracion.jpa.entities.FacturaTestJPA.buscarFacturaPorFecha(FacturaTestJPA.java:133)
	at sun.reflect.NativeMethodAccessorImpl.invoke0(Native Method)
	at sun.reflect.NativeMethodAccessorImpl.invoke(NativeMethodAccessorImpl.java:62)
	at sun.reflect.DelegatingMethodAccessorImpl.invoke(DelegatingMethodAccessorImpl.java:43)
	at java.lang.reflect.Method.invoke(Method.java:483)
	at org.junit.runners.model.FrameworkMethod$1.runReflectiveCall(FrameworkMethod.java:50)
	at org.junit.internal.runners.model.ReflectiveCallable.run(ReflectiveCallable.java:12)
	at org.junit.runners.model.FrameworkMethod.invokeExplosively(FrameworkMethod.java:47)
	at org.junit.internal.runners.statements.InvokeMethod.evaluate(InvokeMethod.java:17)
	at org.junit.internal.runners.statements.RunBefores.evaluate(RunBefores.java:26)
	at org.junit.internal.runners.statements.RunAfters.evaluate(RunAfters.java:27)
	at org.junit.runners.ParentRunner.runLeaf(ParentRunner.java:325)
	at org.junit.runners.BlockJUnit4ClassRunner.runChild(BlockJUnit4ClassRunner.java:78)
	at org.junit.runners.BlockJUnit4ClassRunner.runChild(BlockJUnit4ClassRunner.java:57)
	at org.junit.runners.ParentRunner$3.run(ParentRunner.java:290)
	at org.junit.runners.ParentRunner$1.schedule(ParentRunner.java:71)
	at org.junit.runners.ParentRunner.runChildren(ParentRunner.java:288)
	at org.junit.runners.ParentRunner.access$000(ParentRunner.java:58)
	at org.junit.runners.ParentRunner$2.evaluate(ParentRunner.java:268)
	at org.junit.internal.runners.statements.RunBefores.evaluate(RunBefores.java:26)
	at org.junit.internal.runners.statements.RunAfters.evaluate(RunAfters.java:27)
	at org.junit.runners.ParentRunner.run(ParentRunner.java:363)
	at org.apache.maven.surefire.junit4.JUnit4TestSet.execute(JUnit4TestSet.java:45)
	at org.apache.maven.surefire.junit4.JUnit4Provider.executeTestSet(JUnit4Provider.java:123)
	at org.apache.maven.surefire.junit4.JUnit4Provider.invoke(JUnit4Provider.java:104)
	at sun.reflect.NativeMethodAccessorImpl.invoke0(Native Method)
	at sun.reflect.NativeMethodAccessorImpl.invoke(NativeMethodAccessorImpl.java:62)
	at sun.reflect.DelegatingMethodAccessorImpl.invoke(DelegatingMethodAccessorImpl.java:43)
	at java.lang.reflect.Method.invoke(Method.java:483)
	at org.apache.maven.surefire.util.ReflectionUtils.invokeMethodWithArray(ReflectionUtils.java:164)
	at org.apache.maven.surefire.booter.ProviderFactory$ProviderProxy.invoke(ProviderFactory.java:110)
	at org.apache.maven.surefire.booter.SurefireStarter.invokeProvider(SurefireStarter.java:175)
	at org.apache.maven.surefire.booter.SurefireStarter.runSuitesInProcessWhenForked(SurefireStarter.java:107)
	at org.apache.maven.surefire.booter.ForkedBooter.main(ForkedBooter.java:68)
</error>
    <system-out>[EL Config]: metadata: 2015-04-20 21:24:43.822--ServerSession(1980168)--Thread(Thread[main,5,main])--The access type for the persistent class [class edu.co.sena.tiendaenlineajpaeclipselink.integracion.jpa.entities.Municipio] is set to [FIELD].
[EL Config]: metadata: 2015-04-20 21:24:43.974--ServerSession(1980168)--Thread(Thread[main,5,main])--The target entity (reference) class for the one to many mapping element [field domicilioCuentaCollection] is being defaulted to: class edu.co.sena.tiendaenlineajpaeclipselink.integracion.jpa.entities.DomicilioCuenta.
[EL Config]: metadata: 2015-04-20 21:24:44.012--ServerSession(1980168)--Thread(Thread[main,5,main])--The target entity (reference) class for the one to many mapping element [field domicilioProveedorCollection] is being defaulted to: class edu.co.sena.tiendaenlineajpaeclipselink.integracion.jpa.entities.DomicilioProveedor.
[EL Config]: metadata: 2015-04-20 21:24:44.024--ServerSession(1980168)--Thread(Thread[main,5,main])--The target entity (reference) class for the many to one mapping element [field departamentoidDepartamento] is being defaulted to: class edu.co.sena.tiendaenlineajpaeclipselink.integracion.jpa.entities.Departamento.
[EL Config]: metadata: 2015-04-20 21:24:44.025--ServerSession(1980168)--Thread(Thread[main,5,main])--The access type for the persistent class [class edu.co.sena.tiendaenlineajpaeclipselink.integracion.jpa.entities.Pago] is set to [FIELD].
[EL Config]: metadata: 2015-04-20 21:24:44.026--ServerSession(1980168)--Thread(Thread[main,5,main])--The target entity (reference) class for the one to one mapping element [field factura] is being defaulted to: class edu.co.sena.tiendaenlineajpaeclipselink.integracion.jpa.entities.Factura.
[EL Config]: metadata: 2015-04-20 21:24:44.03--ServerSession(1980168)--Thread(Thread[main,5,main])--The access type for the persistent class [class edu.co.sena.tiendaenlineajpaeclipselink.integracion.jpa.entities.DomicilioProveedor] is set to [FIELD].
[EL Config]: metadata: 2015-04-20 21:24:44.041--ServerSession(1980168)--Thread(Thread[main,5,main])--The target entity (reference) class for the many to one mapping element [field municipioidMunicipio] is being defaulted to: class edu.co.sena.tiendaenlineajpaeclipselink.integracion.jpa.entities.Municipio.
[EL Config]: metadata: 2015-04-20 21:24:44.045--ServerSession(1980168)--Thread(Thread[main,5,main])--The target entity (reference) class for the one to one mapping element [field proveedor] is being defaulted to: class edu.co.sena.tiendaenlineajpaeclipselink.integracion.jpa.entities.Proveedor.
[EL Config]: metadata: 2015-04-20 21:24:44.05--ServerSession(1980168)--Thread(Thread[main,5,main])--The access type for the persistent class [class edu.co.sena.tiendaenlineajpaeclipselink.integracion.jpa.entities.Producto] is set to [FIELD].
[EL Config]: metadata: 2015-04-20 21:24:44.069--ServerSession(1980168)--Thread(Thread[main,5,main])--The target entity (reference) class for the one to many mapping element [field itemCollection] is being defaulted to: class edu.co.sena.tiendaenlineajpaeclipselink.integracion.jpa.entities.Item.
[EL Config]: metadata: 2015-04-20 21:24:44.069--ServerSession(1980168)--Thread(Thread[main,5,main])--The target entity (reference) class for the many to one mapping element [field categoriaidCategoria] is being defaulted to: class edu.co.sena.tiendaenlineajpaeclipselink.integracion.jpa.entities.Categoria.
[EL Config]: metadata: 2015-04-20 21:24:44.07--ServerSession(1980168)--Thread(Thread[main,5,main])--The target entity (reference) class for the one to many mapping element [field inventarioCollection] is being defaulted to: class edu.co.sena.tiendaenlineajpaeclipselink.integracion.jpa.entities.Inventario.
[EL Config]: metadata: 2015-04-20 21:24:44.076--ServerSession(1980168)--Thread(Thread[main,5,main])--The target entity (reference) class for the one to many mapping element [field itemCarritoCollection] is being defaulted to: class edu.co.sena.tiendaenlineajpaeclipselink.integracion.jpa.entities.ItemCarrito.
[EL Config]: metadata: 2015-04-20 21:24:44.077--ServerSession(1980168)--Thread(Thread[main,5,main])--The access type for the persistent class [class edu.co.sena.tiendaenlineajpaeclipselink.integracion.jpa.entities.Categoria] is set to [FIELD].
[EL Config]: metadata: 2015-04-20 21:24:44.078--ServerSession(1980168)--Thread(Thread[main,5,main])--The target entity (reference) class for the one to many mapping element [field productoCollection] is being defaulted to: class edu.co.sena.tiendaenlineajpaeclipselink.integracion.jpa.entities.Producto.
[EL Config]: metadata: 2015-04-20 21:24:44.08--ServerSession(1980168)--Thread(Thread[main,5,main])--The access type for the persistent class [class edu.co.sena.tiendaenlineajpaeclipselink.integracion.jpa.entities.Factura] is set to [FIELD].
[EL Config]: metadata: 2015-04-20 21:24:44.089--ServerSession(1980168)--Thread(Thread[main,5,main])--The target entity (reference) class for the many to one mapping element [field cuenta] is being defaulted to: class edu.co.sena.tiendaenlineajpaeclipselink.integracion.jpa.entities.Cuenta.
[EL Config]: metadata: 2015-04-20 21:24:44.09--ServerSession(1980168)--Thread(Thread[main,5,main])--The target entity (reference) class for the one to one mapping element [field pedido] is being defaulted to: class edu.co.sena.tiendaenlineajpaeclipselink.integracion.jpa.entities.Pedido.
[EL Config]: metadata: 2015-04-20 21:24:44.091--ServerSession(1980168)--Thread(Thread[main,5,main])--The target entity (reference) class for the one to one mapping element [field pago] is being defaulted to: class edu.co.sena.tiendaenlineajpaeclipselink.integracion.jpa.entities.Pago.
[EL Config]: metadata: 2015-04-20 21:24:44.091--ServerSession(1980168)--Thread(Thread[main,5,main])--The access type for the persistent class [class edu.co.sena.tiendaenlineajpaeclipselink.integracion.jpa.entities.Cuenta] is set to [FIELD].
[EL Config]: metadata: 2015-04-20 21:24:44.092--ServerSession(1980168)--Thread(Thread[main,5,main])--The target entity (reference) class for the one to one mapping element [field domicilioCuenta] is being defaulted to: class edu.co.sena.tiendaenlineajpaeclipselink.integracion.jpa.entities.DomicilioCuenta.
[EL Config]: metadata: 2015-04-20 21:24:44.093--ServerSession(1980168)--Thread(Thread[main,5,main])--The target entity (reference) class for the many to one mapping element [field usuarioidUsuario] is being defaulted to: class edu.co.sena.tiendaenlineajpaeclipselink.integracion.jpa.entities.Usuario.
[EL Config]: metadata: 2015-04-20 21:24:44.096--ServerSession(1980168)--Thread(Thread[main,5,main])--The target entity (reference) class for the one to many mapping element [field facturaCollection] is being defaulted to: class edu.co.sena.tiendaenlineajpaeclipselink.integracion.jpa.entities.Factura.
[EL Config]: metadata: 2015-04-20 21:24:44.097--ServerSession(1980168)--Thread(Thread[main,5,main])--The access type for the persistent class [class edu.co.sena.tiendaenlineajpaeclipselink.integracion.jpa.entities.Item] is set to [FIELD].
[EL Config]: metadata: 2015-04-20 21:24:44.101--ServerSession(1980168)--Thread(Thread[main,5,main])--The target entity (reference) class for the many to one mapping element [field pedido] is being defaulted to: class edu.co.sena.tiendaenlineajpaeclipselink.integracion.jpa.entities.Pedido.
[EL Config]: metadata: 2015-04-20 21:24:44.102--ServerSession(1980168)--Thread(Thread[main,5,main])--The target entity (reference) class for the many to one mapping element [field producto] is being defaulted to: class edu.co.sena.tiendaenlineajpaeclipselink.integracion.jpa.entities.Producto.
[EL Config]: metadata: 2015-04-20 21:24:44.103--ServerSession(1980168)--Thread(Thread[main,5,main])--The access type for the persistent class [class edu.co.sena.tiendaenlineajpaeclipselink.integracion.jpa.entities.Departamento] is set to [FIELD].
[EL Config]: metadata: 2015-04-20 21:24:44.104--ServerSession(1980168)--Thread(Thread[main,5,main])--The target entity (reference) class for the one to many mapping element [field municipioCollection] is being defaulted to: class edu.co.sena.tiendaenlineajpaeclipselink.integracion.jpa.entities.Municipio.
[EL Config]: metadata: 2015-04-20 21:24:44.105--ServerSession(1980168)--Thread(Thread[main,5,main])--The access type for the persistent class [class edu.co.sena.tiendaenlineajpaeclipselink.integracion.jpa.entities.Carritodecompras] is set to [FIELD].
[EL Config]: metadata: 2015-04-20 21:24:44.106--ServerSession(1980168)--Thread(Thread[main,5,main])--The target entity (reference) class for the one to many mapping element [field itemCarritoCollection] is being defaulted to: class edu.co.sena.tiendaenlineajpaeclipselink.integracion.jpa.entities.ItemCarrito.
[EL Config]: metadata: 2015-04-20 21:24:44.107--ServerSession(1980168)--Thread(Thread[main,5,main])--The access type for the persistent class [class edu.co.sena.tiendaenlineajpaeclipselink.integracion.jpa.entities.Usuario] is set to [FIELD].
[EL Config]: metadata: 2015-04-20 21:24:44.108--ServerSession(1980168)--Thread(Thread[main,5,main])--The target entity (reference) class for the one to many mapping element [field cuentaCollection] is being defaulted to: class edu.co.sena.tiendaenlineajpaeclipselink.integracion.jpa.entities.Cuenta.
[EL Config]: metadata: 2015-04-20 21:24:44.109--ServerSession(1980168)--Thread(Thread[main,5,main])--The access type for the persistent class [class edu.co.sena.tiendaenlineajpaeclipselink.integracion.jpa.entities.Pedido] is set to [FIELD].
[EL Config]: metadata: 2015-04-20 21:24:44.109--ServerSession(1980168)--Thread(Thread[main,5,main])--The target entity (reference) class for the one to one mapping element [field factura] is being defaulted to: class edu.co.sena.tiendaenlineajpaeclipselink.integracion.jpa.entities.Factura.
[EL Config]: metadata: 2015-04-20 21:24:44.11--ServerSession(1980168)--Thread(Thread[main,5,main])--The target entity (reference) class for the one to many mapping element [field itemCollection] is being defaulted to: class edu.co.sena.tiendaenlineajpaeclipselink.integracion.jpa.entities.Item.
[EL Config]: metadata: 2015-04-20 21:24:44.111--ServerSession(1980168)--Thread(Thread[main,5,main])--The access type for the persistent class [class edu.co.sena.tiendaenlineajpaeclipselink.integracion.jpa.entities.DomicilioCuenta] is set to [FIELD].
[EL Config]: metadata: 2015-04-20 21:24:44.112--ServerSession(1980168)--Thread(Thread[main,5,main])--The target entity (reference) class for the many to one mapping element [field municipioidMunicipio] is being defaulted to: class edu.co.sena.tiendaenlineajpaeclipselink.integracion.jpa.entities.Municipio.
[EL Config]: metadata: 2015-04-20 21:24:44.113--ServerSession(1980168)--Thread(Thread[main,5,main])--The target entity (reference) class for the one to one mapping element [field cuenta] is being defaulted to: class edu.co.sena.tiendaenlineajpaeclipselink.integracion.jpa.entities.Cuenta.
[EL Config]: metadata: 2015-04-20 21:24:44.118--ServerSession(1980168)--Thread(Thread[main,5,main])--The access type for the persistent class [class edu.co.sena.tiendaenlineajpaeclipselink.integracion.jpa.entities.Inventario] is set to [FIELD].
[EL Config]: metadata: 2015-04-20 21:24:44.124--ServerSession(1980168)--Thread(Thread[main,5,main])--The target entity (reference) class for the many to one mapping element [field proveedor] is being defaulted to: class edu.co.sena.tiendaenlineajpaeclipselink.integracion.jpa.entities.Proveedor.
[EL Config]: metadata: 2015-04-20 21:24:44.126--ServerSession(1980168)--Thread(Thread[main,5,main])--The target entity (reference) class for the many to one mapping element [field producto] is being defaulted to: class edu.co.sena.tiendaenlineajpaeclipselink.integracion.jpa.entities.Producto.
[EL Config]: metadata: 2015-04-20 21:24:44.128--ServerSession(1980168)--Thread(Thread[main,5,main])--The access type for the persistent class [class edu.co.sena.tiendaenlineajpaeclipselink.integracion.jpa.entities.ItemCarrito] is set to [FIELD].
[EL Config]: metadata: 2015-04-20 21:24:44.13--ServerSession(1980168)--Thread(Thread[main,5,main])--The target entity (reference) class for the many to one mapping element [field carritodecompras] is being defaulted to: class edu.co.sena.tiendaenlineajpaeclipselink.integracion.jpa.entities.Carritodecompras.
[EL Config]: metadata: 2015-04-20 21:24:44.136--ServerSession(1980168)--Thread(Thread[main,5,main])--The target entity (reference) class for the many to one mapping element [field producto] is being defaulted to: class edu.co.sena.tiendaenlineajpaeclipselink.integracion.jpa.entities.Producto.
[EL Config]: metadata: 2015-04-20 21:24:44.139--ServerSession(1980168)--Thread(Thread[main,5,main])--The access type for the persistent class [class edu.co.sena.tiendaenlineajpaeclipselink.integracion.jpa.entities.Proveedor] is set to [FIELD].
[EL Config]: metadata: 2015-04-20 21:24:44.144--ServerSession(1980168)--Thread(Thread[main,5,main])--The target entity (reference) class for the one to one mapping element [field domicilioProveedor] is being defaulted to: class edu.co.sena.tiendaenlineajpaeclipselink.integracion.jpa.entities.DomicilioProveedor.
[EL Config]: metadata: 2015-04-20 21:24:44.145--ServerSession(1980168)--Thread(Thread[main,5,main])--The target entity (reference) class for the one to many mapping element [field inventarioCollection] is being defaulted to: class edu.co.sena.tiendaenlineajpaeclipselink.integracion.jpa.entities.Inventario.
[EL Config]: metadata: 2015-04-20 21:24:44.146--ServerSession(1980168)--Thread(Thread[main,5,main])--The access type for the persistent class [class edu.co.sena.tiendaenlineajpaeclipselink.integracion.jpa.entities.DomicilioProveedorPK] is set to [FIELD].
[EL Config]: metadata: 2015-04-20 21:24:44.15--ServerSession(1980168)--Thread(Thread[main,5,main])--The access type for the persistent class [class edu.co.sena.tiendaenlineajpaeclipselink.integracion.jpa.entities.DomicilioCuentaPK] is set to [FIELD].
[EL Config]: metadata: 2015-04-20 21:24:44.151--ServerSession(1980168)--Thread(Thread[main,5,main])--The access type for the persistent class [class edu.co.sena.tiendaenlineajpaeclipselink.integracion.jpa.entities.ItemPK] is set to [FIELD].
[EL Config]: metadata: 2015-04-20 21:24:44.152--ServerSession(1980168)--Thread(Thread[main,5,main])--The access type for the persistent class [class edu.co.sena.tiendaenlineajpaeclipselink.integracion.jpa.entities.InventarioPK] is set to [FIELD].
[EL Config]: metadata: 2015-04-20 21:24:44.154--ServerSession(1980168)--Thread(Thread[main,5,main])--The access type for the persistent class [class edu.co.sena.tiendaenlineajpaeclipselink.integracion.jpa.entities.ProveedorPK] is set to [FIELD].
[EL Config]: metadata: 2015-04-20 21:24:44.155--ServerSession(1980168)--Thread(Thread[main,5,main])--The access type for the persistent class [class edu.co.sena.tiendaenlineajpaeclipselink.integracion.jpa.entities.CuentaPK] is set to [FIELD].
[EL Config]: metadata: 2015-04-20 21:24:44.156--ServerSession(1980168)--Thread(Thread[main,5,main])--The access type for the persistent class [class edu.co.sena.tiendaenlineajpaeclipselink.integracion.jpa.entities.ItemCarritoPK] is set to [FIELD].
[EL Config]: metadata: 2015-04-20 21:24:44.157--ServerSession(1980168)--Thread(Thread[main,5,main])--The alias name for the entity class [class edu.co.sena.tiendaenlineajpaeclipselink.integracion.jpa.entities.Municipio] is being defaulted to: Municipio.
[EL Config]: metadata: 2015-04-20 21:24:44.388--ServerSession(1980168)--Thread(Thread[main,5,main])--The alias name for the entity class [class edu.co.sena.tiendaenlineajpaeclipselink.integracion.jpa.entities.Pago] is being defaulted to: Pago.
[EL Config]: metadata: 2015-04-20 21:24:44.391--ServerSession(1980168)--Thread(Thread[main,5,main])--The alias name for the entity class [class edu.co.sena.tiendaenlineajpaeclipselink.integracion.jpa.entities.DomicilioProveedor] is being defaulted to: DomicilioProveedor.
[EL Config]: metadata: 2015-04-20 21:24:44.408--ServerSession(1980168)--Thread(Thread[main,5,main])--The alias name for the entity class [class edu.co.sena.tiendaenlineajpaeclipselink.integracion.jpa.entities.Producto] is being defaulted to: Producto.
[EL Config]: metadata: 2015-04-20 21:24:44.43--ServerSession(1980168)--Thread(Thread[main,5,main])--The alias name for the entity class [class edu.co.sena.tiendaenlineajpaeclipselink.integracion.jpa.entities.Categoria] is being defaulted to: Categoria.
[EL Config]: metadata: 2015-04-20 21:24:44.433--ServerSession(1980168)--Thread(Thread[main,5,main])--The alias name for the entity class [class edu.co.sena.tiendaenlineajpaeclipselink.integracion.jpa.entities.Factura] is being defaulted to: Factura.
[EL Config]: metadata: 2015-04-20 21:24:44.436--ServerSession(1980168)--Thread(Thread[main,5,main])--The alias name for the entity class [class edu.co.sena.tiendaenlineajpaeclipselink.integracion.jpa.entities.Cuenta] is being defaulted to: Cuenta.
[EL Config]: metadata: 2015-04-20 21:24:44.439--ServerSession(1980168)--Thread(Thread[main,5,main])--The alias name for the entity class [class edu.co.sena.tiendaenlineajpaeclipselink.integracion.jpa.entities.Item] is being defaulted to: Item.
[EL Config]: metadata: 2015-04-20 21:24:44.443--ServerSession(1980168)--Thread(Thread[main,5,main])--The alias name for the entity class [class edu.co.sena.tiendaenlineajpaeclipselink.integracion.jpa.entities.Departamento] is being defaulted to: Departamento.
[EL Config]: metadata: 2015-04-20 21:24:44.445--ServerSession(1980168)--Thread(Thread[main,5,main])--The alias name for the entity class [class edu.co.sena.tiendaenlineajpaeclipselink.integracion.jpa.entities.Carritodecompras] is being defaulted to: Carritodecompras.
[EL Config]: metadata: 2015-04-20 21:24:44.448--ServerSession(1980168)--Thread(Thread[main,5,main])--The alias name for the entity class [class edu.co.sena.tiendaenlineajpaeclipselink.integracion.jpa.entities.Usuario] is being defaulted to: Usuario.
[EL Config]: metadata: 2015-04-20 21:24:44.451--ServerSession(1980168)--Thread(Thread[main,5,main])--The alias name for the entity class [class edu.co.sena.tiendaenlineajpaeclipselink.integracion.jpa.entities.Pedido] is being defaulted to: Pedido.
[EL Config]: metadata: 2015-04-20 21:24:44.461--ServerSession(1980168)--Thread(Thread[main,5,main])--The alias name for the entity class [class edu.co.sena.tiendaenlineajpaeclipselink.integracion.jpa.entities.DomicilioCuenta] is being defaulted to: DomicilioCuenta.
[EL Config]: metadata: 2015-04-20 21:24:44.466--ServerSession(1980168)--Thread(Thread[main,5,main])--The alias name for the entity class [class edu.co.sena.tiendaenlineajpaeclipselink.integracion.jpa.entities.Inventario] is being defaulted to: Inventario.
[EL Config]: metadata: 2015-04-20 21:24:44.47--ServerSession(1980168)--Thread(Thread[main,5,main])--The alias name for the entity class [class edu.co.sena.tiendaenlineajpaeclipselink.integracion.jpa.entities.ItemCarrito] is being defaulted to: ItemCarrito.
[EL Config]: metadata: 2015-04-20 21:24:44.473--ServerSession(1980168)--Thread(Thread[main,5,main])--The alias name for the entity class [class edu.co.sena.tiendaenlineajpaeclipselink.integracion.jpa.entities.Proveedor] is being defaulted to: Proveedor.
[EL Info]: 2015-04-20 21:24:47.979--ServerSession(1980168)--Thread(Thread[main,5,main])--EclipseLink, version: Eclipse Persistence Services - 2.5.2.v20140319-9ad6abd
[EL Fine]: connection: 2015-04-20 21:24:48.883--Thread(Thread[main,5,main])--Detected database platform: org.eclipse.persistence.platform.database.MySQLPlatform
[EL Config]: connection: 2015-04-20 21:24:48.927--ServerSession(1980168)--Connection(1174778)--Thread(Thread[main,5,main])--connecting(DatabaseLogin(
	platform=&gt;MySQLPlatform
	user name=&gt; &quot;root&quot;
	datasource URL=&gt; &quot;jdbc:mysql://localhost:3306/tiendaenlinea?zeroDateTimeBehavior=convertToNull&quot;
))
[EL Config]: connection: 2015-04-20 21:24:48.995--ServerSession(1980168)--Connection(9334409)--Thread(Thread[main,5,main])--Connected: jdbc:mysql://localhost:3306/tiendaenlinea?zeroDateTimeBehavior=convertToNull
	User: root@localhost
	Database: MySQL  Version: 5.6.22-log
	Driver: MySQL Connector Java  Version: mysql-connector-java-5.1.34 ( Revision: jess.balint@oracle.com-20141014163213-wqbwpf1ok2kvo1om )
[EL Info]: connection: 2015-04-20 21:24:49.816--ServerSession(1980168)--Thread(Thread[main,5,main])--file:/C:/Users/Nicolas/Desktop/Abril 20 2015/TiendaEnLineaJPAEclipseLink/target/classes/_edu.co.sena_TiendaEnLineaJPAEclipseLink_jar_1.0-SNAPSHOTPU login successful
[EL Fine]: sql: 2015-04-20 21:24:49.952--ServerSession(1980168)--Connection(9334409)--SELECT Factura_idFactura FROM pago WHERE Factura_idFactura &lt;&gt; Factura_idFactura
[EL Fine]: sql: 2015-04-20 21:24:50.037--ServerSession(1980168)--Connection(9334409)--SELECT Cuenta_tipoDocumento FROM domicilio_cuenta WHERE Cuenta_tipoDocumento &lt;&gt; Cuenta_tipoDocumento
[EL Fine]: sql: 2015-04-20 21:24:50.039--ServerSession(1980168)--Connection(9334409)--SELECT idCarritoDeCompras FROM carritodecompras WHERE idCarritoDeCompras &lt;&gt; idCarritoDeCompras
[EL Fine]: sql: 2015-04-20 21:24:50.041--ServerSession(1980168)--Connection(9334409)--SELECT idCategoria FROM categoria WHERE idCategoria &lt;&gt; idCategoria
[EL Fine]: sql: 2015-04-20 21:24:50.044--ServerSession(1980168)--Connection(9334409)--SELECT Factura_idFactura FROM pedido WHERE Factura_idFactura &lt;&gt; Factura_idFactura
[EL Fine]: sql: 2015-04-20 21:24:50.047--ServerSession(1980168)--Connection(9334409)--SELECT idDepartamento FROM departamento WHERE idDepartamento &lt;&gt; idDepartamento
[EL Fine]: sql: 2015-04-20 21:24:50.049--ServerSession(1980168)--Connection(9334409)--SELECT Producto_idProducto FROM inventario WHERE Producto_idProducto &lt;&gt; Producto_idProducto
[EL Fine]: sql: 2015-04-20 21:24:50.051--ServerSession(1980168)--Connection(9334409)--SELECT idProducto FROM producto WHERE idProducto &lt;&gt; idProducto
[EL Fine]: sql: 2015-04-20 21:24:50.053--ServerSession(1980168)--Connection(9334409)--SELECT Pedido_Factura_idFactura FROM item WHERE Pedido_Factura_idFactura &lt;&gt; Pedido_Factura_idFactura
[EL Fine]: sql: 2015-04-20 21:24:50.057--ServerSession(1980168)--Connection(9334409)--SELECT idMunicipio FROM municipio WHERE idMunicipio &lt;&gt; idMunicipio
[EL Fine]: sql: 2015-04-20 21:24:50.06--ServerSession(1980168)--Connection(9334409)--SELECT tipoDocumento FROM cuenta WHERE tipoDocumento &lt;&gt; tipoDocumento
[EL Fine]: sql: 2015-04-20 21:24:50.062--ServerSession(1980168)--Connection(9334409)--SELECT idUsuario FROM usuario WHERE idUsuario &lt;&gt; idUsuario
[EL Fine]: sql: 2015-04-20 21:24:50.065--ServerSession(1980168)--Connection(9334409)--SELECT idFactura FROM factura WHERE idFactura &lt;&gt; idFactura
[EL Fine]: sql: 2015-04-20 21:24:50.067--ServerSession(1980168)--Connection(9334409)--SELECT idProveedor FROM proveedor WHERE idProveedor &lt;&gt; idProveedor
[EL Fine]: sql: 2015-04-20 21:24:50.069--ServerSession(1980168)--Connection(9334409)--SELECT Producto_idProducto FROM item_carrito WHERE Producto_idProducto &lt;&gt; Producto_idProducto
[EL Fine]: sql: 2015-04-20 21:24:50.071--ServerSession(1980168)--Connection(9334409)--SELECT Proveedor_tipoDeIdentificacion FROM domicilio_proveedor WHERE Proveedor_tipoDeIdentificacion &lt;&gt; Proveedor_tipoDeIdentificacion
</system-out>
  </testcase>
</testsuite>